<?xml version="1.0" encoding="UTF-8"?>
<Site BuildName="Linux-g++"
	BuildStamp="20231212-2044-Experimental"
	Name="snjaypee"
	Generator="ctest-3.22.1"
	CompilerName="/usr/bin/g++"
	CompilerVersion=""
	OSName="Linux"
	Hostname="snjaypee"
	OSRelease="6.2.0-37-generic"
	OSVersion="#38~22.04.1-Ubuntu SMP PREEMPT_DYNAMIC Thu Nov  2 18:01:13 UTC 2"
	OSPlatform="x86_64"
	Is64Bits="1"
	VendorString="AuthenticAMD"
	VendorID="Advanced Micro Devices"
	FamilyID="23"
	ModelID="24"
	ProcessorCacheSize="512"
	NumberOfLogicalCPU="4"
	NumberOfPhysicalCPU="4"
	TotalVirtualMemory="2047"
	TotalPhysicalMemory="5752"
	LogicalProcessorsPerPhysical="1"
	ProcessorClockFrequency="3156.32"
	>
	<Testing>
		<StartDateTime>Dec 12 17:44 -03</StartDateTime>
		<StartTestTime>1702413871</StartTestTime>
		<TestList/>
		<EndDateTime>Dec 12 17:44 -03</EndDateTime>
		<EndTestTime>1702413871</EndTestTime>
		<ElapsedMinutes>0</ElapsedMinutes>
	</Testing>
</Site>
